2026-04-06 18:45:28,577 - INFO - Running in DEMO MODE
2026-04-06 18:45:28,577 - INFO - Connected to MT5. Account: 105965833, Balance: 100000.0
2026-04-06 18:45:28,577 - INFO - Starting trading bot...
2026-04-06 18:45:47,300 - INFO - Running in DEMO MODE
2026-04-06 18:45:47,300 - INFO - Connected to MT5. Account: 105965833, Balance: 100000.0
2026-04-06 18:45:47,300 - INFO - Starting trading bot...
2026-04-06 18:48:12,734 - INFO - Bot stopped by user
2026-04-06 18:48:12,734 - WARNING - Emergency stop activated!
2026-04-06 18:48:12,734 - INFO - MT5 connection closed
2026-04-06 18:48:26,876 - INFO - Running in DEMO MODE
2026-04-06 18:48:26,877 - INFO - Connected to MT5. Account: 105965833, Balance: 100000.0
2026-04-06 18:48:26,877 - INFO - Starting trading bot...
2026-04-06 18:49:00,450 - INFO - Running in DEMO MODE
2026-04-06 18:49:00,450 - INFO - Connected to MT5. Account: 105965833, Balance: 100000.0
2026-04-06 18:49:00,450 - INFO - Starting trading bot...
2026-04-06 18:51:51,285 - INFO - Running in DEMO MODE
2026-04-06 18:51:51,285 - INFO - Connected to MT5. Account: 105965833, Balance: 100000.0
2026-04-06 18:51:51,285 - INFO - Starting trading bot...
2026-04-06 18:53:10,389 - INFO - Running in DEMO MODE
2026-04-06 18:53:10,390 - INFO - Connected to MT5. Account: 105965833, Balance: 100000.0
2026-04-06 18:53:10,390 - INFO - Starting trading bot...
2026-04-06 18:54:26,341 - INFO - Running in DEMO MODE
2026-04-06 18:54:26,342 - INFO - Connected to MT5. Account: 105965833, Balance: 100000.0
2026-04-06 18:54:26,342 - INFO - Starting trading bot...
